Thu Oct 01 2015 18:35:33 GMT-0500 (CDT): admin
Thu Oct 01 2015 18:38:26 GMT-0500 (CDT): kilsyth
Thu Oct 01 2015 18:39:29 GMT-0500 (CDT): admin
Thu Oct 01 2015 18:39:51 GMT-0500 (CDT): vandel
Fri Oct 02 2015 08:15:50 GMT-0500 (CDT): admin
Fri Oct 02 2015 08:16:33 GMT-0500 (CDT): vandel
Fri Oct 02 2015 08:30:45 GMT-0500 (CDT): vandel
Fri Oct 02 2015 08:31:35 GMT-0500 (CDT): vandel
Fri Oct 02 2015 08:33:18 GMT-0500 (CDT): vandel
Fri Oct 02 2015 08:34:09 GMT-0500 (CDT): vandel
Fri Oct 02 2015 08:35:59 GMT-0500 (CDT): vandel
Fri Oct 02 2015 08:36:35 GMT-0500 (CDT): vandel
Fri Oct 02 2015 08:39:04 GMT-0500 (CDT): vandel
Fri Oct 02 2015 08:48:44 GMT-0500 (CDT): vandel
Fri Oct 02 2015 08:50:58 GMT-0500 (CDT): vandel
Fri Oct 02 2015 08:51:17 GMT-0500 (CDT): vandel
Fri Oct 02 2015 08:51:52 GMT-0500 (CDT): vandel
Fri Oct 02 2015 08:58:55 GMT-0500 (CDT): vandel
Fri Oct 02 2015 09:00:06 GMT-0500 (CDT): vandel
Fri Oct 02 2015 09:01:20 GMT-0500 (CDT): vandel
Fri Oct 02 2015 10:19:43 GMT-0500 (CDT): vandel
Fri Oct 02 2015 10:21:26 GMT-0500 (CDT): vandel
Fri Oct 02 2015 10:23:26 GMT-0500 (CDT): vandel
Fri Oct 02 2015 10:25:15 GMT-0500 (CDT): vandel
Fri Oct 02 2015 10:27:10 GMT-0500 (CDT): vandel
Fri Oct 02 2015 10:48:31 GMT-0500 (CDT): vandel
Fri Oct 02 2015 10:49:51 GMT-0500 (CDT): vandel
Fri Oct 02 2015 10:52:03 GMT-0500 (CDT): vandel
Fri Oct 02 2015 10:54:04 GMT-0500 (CDT): vandel
Fri Oct 02 2015 10:54:45 GMT-0500 (CDT): vandel
Fri Oct 02 2015 10:55:50 GMT-0500 (CDT): vandel
Fri Oct 02 2015 10:59:34 GMT-0500 (CDT): vandel
Fri Oct 02 2015 11:01:57 GMT-0500 (CDT): vandel
Fri Oct 02 2015 11:13:03 GMT-0500 (CDT): vandel
Fri Oct 02 2015 11:14:43 GMT-0500 (CDT): vandel
Fri Oct 02 2015 11:17:17 GMT-0500 (CDT): vandel
Fri Oct 02 2015 11:18:26 GMT-0500 (CDT): vandel
Fri Oct 02 2015 11:19:06 GMT-0500 (CDT): vandel
Fri Oct 02 2015 11:37:34 GMT-0500 (CDT): vandel
Fri Oct 02 2015 11:38:20 GMT-0500 (CDT): vandel
Fri Oct 02 2015 11:39:58 GMT-0500 (CDT): vandel
Fri Oct 02 2015 11:40:32 GMT-0500 (CDT): vandel
Fri Oct 02 2015 11:41:10 GMT-0500 (CDT): vandel
Fri Oct 02 2015 11:42:03 GMT-0500 (CDT): vandel
Fri Oct 02 2015 11:42:38 GMT-0500 (CDT): vandel
Fri Oct 02 2015 11:43:43 GMT-0500 (CDT): vandel
Fri Oct 02 2015 11:44:38 GMT-0500 (CDT): vandel
Fri Oct 02 2015 11:45:21 GMT-0500 (CDT): vandel
Fri Oct 02 2015 11:47:59 GMT-0500 (CDT): vandel
Fri Oct 02 2015 11:51:43 GMT-0500 (CDT): vandel
Fri Oct 02 2015 11:52:33 GMT-0500 (CDT): vandel
Fri Oct 02 2015 11:53:29 GMT-0500 (CDT): vandel
Fri Oct 02 2015 11:56:05 GMT-0500 (CDT): vandel
Fri Oct 02 2015 11:58:00 GMT-0500 (CDT): vandel
Fri Oct 02 2015 12:08:06 GMT-0500 (CDT): vandel
Fri Oct 02 2015 13:07:01 GMT-0500 (CDT): vandel
Fri Oct 02 2015 13:08:45 GMT-0500 (CDT): vandel
Fri Oct 02 2015 13:12:00 GMT-0500 (CDT): vandel
Fri Oct 02 2015 13:13:03 GMT-0500 (CDT): vandel
Fri Oct 02 2015 13:14:12 GMT-0500 (CDT): vandel
Fri Oct 02 2015 13:14:55 GMT-0500 (CDT): vandel
Fri Oct 02 2015 13:16:05 GMT-0500 (CDT): vandel
Fri Oct 02 2015 13:16:30 GMT-0500 (CDT): vandel
Fri Oct 02 2015 13:18:26 GMT-0500 (CDT): vandel
Fri Oct 02 2015 13:31:23 GMT-0500 (CDT): vandel
Fri Oct 02 2015 13:32:07 GMT-0500 (CDT): vandel
Fri Oct 02 2015 13:34:46 GMT-0500 (CDT): vandel
Fri Oct 02 2015 13:36:07 GMT-0500 (CDT): vandel
Fri Oct 02 2015 13:50:59 GMT-0500 (CDT): vandel
Fri Oct 02 2015 13:51:57 GMT-0500 (CDT): vandel
Fri Oct 02 2015 13:52:25 GMT-0500 (CDT): vandel
Fri Oct 02 2015 13:53:14 GMT-0500 (CDT): vandel
Sat Oct 03 2015 11:15:58 GMT-0500 (CDT): vandel
Sat Oct 03 2015 11:16:24 GMT-0500 (CDT): admin
Sat Oct 03 2015 11:36:35 GMT-0500 (CDT): admin
Sat Oct 03 2015 11:38:51 GMT-0500 (CDT): admin
Sat Oct 03 2015 11:41:02 GMT-0500 (CDT): admin
Sat Oct 03 2015 11:42:20 GMT-0500 (CDT): admin
Sat Oct 03 2015 11:43:57 GMT-0500 (CDT): admin
Sat Oct 03 2015 11:48:59 GMT-0500 (CDT): admin
Sat Oct 03 2015 11:51:17 GMT-0500 (CDT): admin
Sat Oct 03 2015 11:53:28 GMT-0500 (CDT): admin
Sat Oct 03 2015 11:54:56 GMT-0500 (CDT): admin
Sat Oct 03 2015 11:56:32 GMT-0500 (CDT): admin
Sat Oct 03 2015 11:58:00 GMT-0500 (CDT): admin
Sat Oct 03 2015 11:59:30 GMT-0500 (CDT): admin
Sat Oct 03 2015 11:59:57 GMT-0500 (CDT): admin
Sat Oct 03 2015 12:00:29 GMT-0500 (CDT): admin
Sat Oct 03 2015 12:04:14 GMT-0500 (CDT): admin
Sat Oct 03 2015 12:07:13 GMT-0500 (CDT): admin
Sat Oct 03 2015 12:08:19 GMT-0500 (CDT): admin
Sat Oct 03 2015 12:11:02 GMT-0500 (CDT): admin
Sat Oct 03 2015 12:11:54 GMT-0500 (CDT): admin
Sat Oct 03 2015 12:16:29 GMT-0500 (CDT): admin
Sat Oct 03 2015 12:17:42 GMT-0500 (CDT): admin
Sat Oct 03 2015 12:22:13 GMT-0500 (CDT): admin
Sat Oct 03 2015 12:22:58 GMT-0500 (CDT): admin
Sat Oct 03 2015 12:24:52 GMT-0500 (CDT): admin
Sat Oct 03 2015 12:26:15 GMT-0500 (CDT): admin
Sat Oct 03 2015 12:32:26 GMT-0500 (CDT): admin
Sat Oct 03 2015 12:33:40 GMT-0500 (CDT): admin
Sat Oct 03 2015 12:34:22 GMT-0500 (CDT): admin
Sat Oct 03 2015 12:34:54 GMT-0500 (CDT): admin
Sat Oct 03 2015 12:37:15 GMT-0500 (CDT): admin
Sat Oct 03 2015 12:39:07 GMT-0500 (CDT): admin
Sat Oct 03 2015 12:40:52 GMT-0500 (CDT): admin
Sat Oct 03 2015 12:43:30 GMT-0500 (CDT): admin
Sat Oct 03 2015 12:44:23 GMT-0500 (CDT): admin
Sat Oct 03 2015 12:45:57 GMT-0500 (CDT): admin
Sat Oct 03 2015 12:48:34 GMT-0500 (CDT): admin
Sat Oct 03 2015 12:51:22 GMT-0500 (CDT): admin
Sat Oct 03 2015 12:51:59 GMT-0500 (CDT): admin
Sat Oct 03 2015 14:02:14 GMT-0500 (CDT): admin
Sat Oct 03 2015 14:03:10 GMT-0500 (CDT): vandel
Sat Oct 03 2015 14:04:06 GMT-0500 (CDT): kilsyth
Sat Oct 03 2015 14:05:37 GMT-0500 (CDT): kilsyth
Sat Oct 03 2015 14:07:59 GMT-0500 (CDT): vandel
Sat Oct 03 2015 14:09:04 GMT-0500 (CDT): kilsyth
Sat Oct 03 2015 14:17:16 GMT-0500 (CDT): admin
Sat Oct 03 2015 14:18:41 GMT-0500 (CDT): admin
Sat Oct 03 2015 14:23:17 GMT-0500 (CDT): admin
Sat Oct 03 2015 14:33:12 GMT-0500 (CDT): admin
Sat Oct 03 2015 14:37:47 GMT-0500 (CDT): admin
Sat Oct 03 2015 14:41:15 GMT-0500 (CDT): admin
Sat Oct 03 2015 14:46:24 GMT-0500 (CDT): admin
Sat Oct 03 2015 14:50:21 GMT-0500 (CDT): admin
Sat Oct 03 2015 14:52:56 GMT-0500 (CDT): admin
Sat Oct 03 2015 15:05:25 GMT-0500 (CDT): admin
Sat Oct 03 2015 15:18:50 GMT-0500 (CDT): admin
Sat Oct 03 2015 15:20:45 GMT-0500 (CDT): admin
Sat Oct 03 2015 15:24:30 GMT-0500 (CDT): admin
Sat Oct 03 2015 15:25:28 GMT-0500 (CDT): admin
Sat Oct 03 2015 15:29:14 GMT-0500 (CDT): admin
Sat Oct 03 2015 17:25:05 GMT-0500 (CDT): admin
Sat Oct 03 2015 17:31:03 GMT-0500 (CDT): admin
Sat Oct 03 2015 17:32:52 GMT-0500 (CDT): admin
Sat Oct 03 2015 17:34:38 GMT-0500 (CDT): admin
Sat Oct 03 2015 17:38:11 GMT-0500 (CDT): admin
Sat Oct 03 2015 17:43:12 GMT-0500 (CDT): admin
Sat Oct 03 2015 17:46:50 GMT-0500 (CDT): admin
Sat Oct 03 2015 17:49:09 GMT-0500 (CDT): admin
Sat Oct 03 2015 17:51:35 GMT-0500 (CDT): admin
Sat Oct 03 2015 19:32:39 GMT-0500 (CDT): admin
Sat Oct 03 2015 19:33:29 GMT-0500 (CDT): vandel
Sat Oct 03 2015 19:38:17 GMT-0500 (CDT): vandel
Sat Oct 03 2015 19:41:24 GMT-0500 (CDT): vandel
Sat Oct 03 2015 19:47:19 GMT-0500 (CDT): admin
Sat Oct 03 2015 19:49:33 GMT-0500 (CDT): vandel
Sat Oct 03 2015 19:51:23 GMT-0500 (CDT): vandel
Sat Oct 03 2015 19:53:36 GMT-0500 (CDT): vandel
Sat Oct 03 2015 19:54:32 GMT-0500 (CDT): vandel
Sat Oct 03 2015 20:14:28 GMT-0500 (CDT): admin
Sat Oct 03 2015 20:14:51 GMT-0500 (CDT): kilsyth
Tue Nov 10 2015 11:44:05 GMT-0600 (CST): vandel
Tue Nov 10 2015 12:22:11 GMT-0600 (CST): admin
Tue Nov 10 2015 12:39:30 GMT-0600 (CST): admin
Tue Nov 10 2015 12:40:25 GMT-0600 (CST): admin
Tue Nov 10 2015 12:45:34 GMT-0600 (CST): admin
Tue Nov 10 2015 12:46:38 GMT-0600 (CST): admin
Tue Nov 10 2015 12:51:40 GMT-0600 (CST): admin
Tue Nov 10 2015 12:52:22 GMT-0600 (CST): admin
Tue Nov 10 2015 12:54:54 GMT-0600 (CST): admin
Tue Nov 10 2015 12:56:37 GMT-0600 (CST): admin
Tue Nov 10 2015 12:59:53 GMT-0600 (CST): admin
Tue Nov 10 2015 13:01:23 GMT-0600 (CST): admin
Tue Nov 10 2015 13:02:05 GMT-0600 (CST): admin
Tue Nov 10 2015 13:03:16 GMT-0600 (CST): admin
Tue Nov 10 2015 13:04:25 GMT-0600 (CST): admin
Tue Nov 10 2015 13:39:34 GMT-0600 (CST): admin
Tue Nov 10 2015 13:41:44 GMT-0600 (CST): admin
Tue Nov 10 2015 13:48:32 GMT-0600 (CST): admin
Tue Nov 10 2015 13:49:32 GMT-0600 (CST): admin
Tue Nov 10 2015 13:50:54 GMT-0600 (CST): admin
Tue Nov 10 2015 14:20:27 GMT-0600 (CST): admin
Tue Nov 10 2015 14:22:14 GMT-0600 (CST): admin
Tue Nov 10 2015 14:24:36 GMT-0600 (CST): admin
Tue Nov 10 2015 14:26:06 GMT-0600 (CST): admin
Tue Nov 10 2015 14:26:46 GMT-0600 (CST): admin
Tue Nov 10 2015 14:28:38 GMT-0600 (CST): admin
Tue Nov 10 2015 14:29:09 GMT-0600 (CST): admin
Tue Nov 10 2015 14:34:16 GMT-0600 (CST): admin
Tue Nov 10 2015 14:35:42 GMT-0600 (CST): admin
Tue Nov 10 2015 14:59:04 GMT-0600 (CST): admin
Tue Nov 10 2015 15:00:00 GMT-0600 (CST): admin
Tue Nov 10 2015 15:03:22 GMT-0600 (CST): admin
Tue Nov 10 2015 15:04:54 GMT-0600 (CST): admin
Tue Nov 10 2015 15:05:21 GMT-0600 (CST): admin
Tue Nov 10 2015 15:06:10 GMT-0600 (CST): admin
Tue Nov 10 2015 16:06:07 GMT-0600 (CST): admin
Tue Nov 10 2015 16:07:20 GMT-0600 (CST): admin
Tue Nov 10 2015 16:12:53 GMT-0600 (CST): admin
Tue Nov 10 2015 16:13:42 GMT-0600 (CST): admin
Tue Nov 10 2015 16:19:10 GMT-0600 (CST): admin
Tue Nov 10 2015 16:19:41 GMT-0600 (CST): admin
Tue Nov 10 2015 16:21:03 GMT-0600 (CST): admin
Tue Nov 10 2015 16:24:08 GMT-0600 (CST): vandel
Tue Nov 10 2015 19:32:28 GMT-0600 (CST): admin
Tue Nov 10 2015 19:35:18 GMT-0600 (CST): admin
Tue Nov 10 2015 19:36:32 GMT-0600 (CST): admin
Tue Nov 10 2015 19:40:59 GMT-0600 (CST): admin
Tue Nov 10 2015 19:42:49 GMT-0600 (CST): admin
Tue Nov 10 2015 19:46:07 GMT-0600 (CST): admin
Tue Nov 10 2015 19:48:05 GMT-0600 (CST): admin
Tue Nov 10 2015 19:49:55 GMT-0600 (CST): admin
Tue Nov 10 2015 19:50:45 GMT-0600 (CST): admin
Tue Nov 10 2015 19:53:13 GMT-0600 (CST): admin
Tue Nov 10 2015 19:54:53 GMT-0600 (CST): admin
Tue Nov 10 2015 19:56:06 GMT-0600 (CST): admin
Wed Nov 11 2015 11:38:05 GMT-0600 (CST): admin
Wed Nov 11 2015 11:44:31 GMT-0600 (CST): admin
Wed Nov 11 2015 11:45:14 GMT-0600 (CST): admin
Wed Nov 11 2015 11:47:07 GMT-0600 (CST): admin
Wed Nov 11 2015 11:48:02 GMT-0600 (CST): admin
Wed Nov 11 2015 11:48:52 GMT-0600 (CST): admin
Wed Nov 11 2015 11:55:04 GMT-0600 (CST): admin
Wed Nov 11 2015 11:57:22 GMT-0600 (CST): admin
Wed Nov 11 2015 12:09:30 GMT-0600 (CST): admin
Wed Nov 11 2015 13:32:02 GMT-0600 (CST): admin
Wed Nov 11 2015 13:33:46 GMT-0600 (CST): vandel
Wed Nov 11 2015 13:48:54 GMT-0600 (CST): admin
Wed Nov 11 2015 13:53:47 GMT-0600 (CST): admin
Wed Nov 11 2015 13:57:06 GMT-0600 (CST): admin
Wed Nov 11 2015 13:58:10 GMT-0600 (CST): admin
Wed Nov 11 2015 13:59:39 GMT-0600 (CST): admin
Wed Nov 11 2015 14:00:48 GMT-0600 (CST): admin
Wed Nov 11 2015 14:11:57 GMT-0600 (CST): admin
Wed Nov 11 2015 14:12:51 GMT-0600 (CST): admin
Wed Nov 11 2015 14:16:31 GMT-0600 (CST): admin
Wed Nov 11 2015 14:19:08 GMT-0600 (CST): admin
Wed Nov 11 2015 14:19:51 GMT-0600 (CST): admin
Wed Nov 11 2015 14:21:19 GMT-0600 (CST): admin
Wed Nov 11 2015 14:22:46 GMT-0600 (CST): admin
Wed Nov 11 2015 14:24:46 GMT-0600 (CST): admin
Wed Nov 11 2015 14:25:44 GMT-0600 (CST): admin
Wed Nov 11 2015 14:27:42 GMT-0600 (CST): admin
Wed Nov 11 2015 14:30:05 GMT-0600 (CST): admin
Wed Nov 11 2015 14:35:17 GMT-0600 (CST): vandel
Wed Nov 11 2015 14:36:55 GMT-0600 (CST): kilsyth
Wed Nov 11 2015 14:37:31 GMT-0600 (CST): admin
Wed Nov 11 2015 14:38:16 GMT-0600 (CST): vandel
Wed Nov 11 2015 14:38:38 GMT-0600 (CST): admin
Wed Nov 11 2015 14:48:57 GMT-0600 (CST): admin
Wed Nov 11 2015 15:02:07 GMT-0600 (CST): admin
Wed Nov 11 2015 15:06:14 GMT-0600 (CST): admin
Wed Nov 11 2015 15:13:35 GMT-0600 (CST): admin
Wed Nov 11 2015 15:14:38 GMT-0600 (CST): admin
Wed Nov 11 2015 15:31:58 GMT-0600 (CST): admin
Wed Nov 11 2015 15:35:00 GMT-0600 (CST): admin
Wed Nov 11 2015 15:39:47 GMT-0600 (CST): admin
Wed Nov 11 2015 15:51:42 GMT-0600 (CST): admin
Wed Nov 11 2015 15:54:50 GMT-0600 (CST): admin
Wed Nov 11 2015 15:57:20 GMT-0600 (CST): admin
Wed Nov 11 2015 16:08:27 GMT-0600 (CST): admin
Wed Nov 11 2015 16:12:20 GMT-0600 (CST): admin
Wed Nov 11 2015 16:14:53 GMT-0600 (CST): admin
Wed Nov 11 2015 16:18:18 GMT-0600 (CST): admin
Wed Nov 11 2015 16:22:32 GMT-0600 (CST): admin
Wed Nov 11 2015 16:27:28 GMT-0600 (CST): admin
Wed Nov 11 2015 16:42:05 GMT-0600 (CST): kilsyth
Wed Nov 11 2015 16:49:26 GMT-0600 (CST): kilsyth
Wed Nov 11 2015 16:50:00 GMT-0600 (CST): kilsyth
Wed Nov 11 2015 16:56:22 GMT-0600 (CST): kilsyth
Thu Nov 12 2015 09:01:34 GMT-0600 (CST): kilsyth
Thu Nov 12 2015 09:02:46 GMT-0600 (CST): kilsyth
Thu Nov 12 2015 09:04:35 GMT-0600 (CST): kilsyth
Thu Nov 12 2015 09:05:20 GMT-0600 (CST): kilsyth
Thu Nov 12 2015 09:08:36 GMT-0600 (CST): kilsyth
Thu Nov 12 2015 09:10:26 GMT-0600 (CST): kilsyth
Thu Nov 12 2015 09:11:01 GMT-0600 (CST): kilsyth
Thu Nov 12 2015 09:13:00 GMT-0600 (CST): kilsyth
Thu Nov 12 2015 09:15:45 GMT-0600 (CST): kilsyth
Thu Nov 12 2015 09:17:28 GMT-0600 (CST): kilsyth
Thu Nov 12 2015 09:19:08 GMT-0600 (CST): kilsyth
Thu Nov 12 2015 09:21:06 GMT-0600 (CST): kilsyth
Thu Nov 12 2015 09:21:51 GMT-0600 (CST): kilsyth
Thu Nov 12 2015 09:22:56 GMT-0600 (CST): kilsyth
Thu Nov 12 2015 09:24:00 GMT-0600 (CST): kilsyth
Thu Nov 12 2015 09:24:45 GMT-0600 (CST): kilsyth
Thu Nov 12 2015 09:26:50 GMT-0600 (CST): kilsyth
Thu Nov 12 2015 09:27:12 GMT-0600 (CST): vandel
Thu Nov 12 2015 09:30:48 GMT-0600 (CST): admin
Thu Nov 12 2015 09:39:23 GMT-0600 (CST): admin
Thu Nov 12 2015 09:48:58 GMT-0600 (CST): admin
Thu Nov 12 2015 09:55:06 GMT-0600 (CST): admin
Thu Nov 12 2015 10:04:10 GMT-0600 (CST): admin
Thu Nov 12 2015 10:22:09 GMT-0600 (CST): admin
Thu Nov 12 2015 10:23:20 GMT-0600 (CST): admin
Thu Nov 12 2015 10:29:03 GMT-0600 (CST): admin
