0 info it worked if it ends with ok
1 verbose cli [ 'node', '/usr/local/bin/npm', 'start' ]
2 info using npm@2.14.2
3 info using node@v0.12.7
4 verbose node symlink /usr/local/bin/node
5 verbose run-script [ 'prestart', 'start', 'poststart' ]
6 info prestart starting_over@0.0.0
7 info start starting_over@0.0.0
8 verbose unsafe-perm in lifecycle true
9 info starting_over@0.0.0 Failed to exec start script
10 verbose stack Error: starting_over@0.0.0 start: `node ./bin/www`
10 verbose stack Exit status 1
10 verbose stack     at EventEmitter.<anonymous> (/usr/local/lib/node_modules/npm/lib/utils/lifecycle.js:214:16)
10 verbose stack     at EventEmitter.emit (events.js:110:17)
10 verbose stack     at ChildProcess.<anonymous> (/usr/local/lib/node_modules/npm/lib/utils/spawn.js:24:14)
10 verbose stack     at ChildProcess.emit (events.js:110:17)
10 verbose stack     at maybeClose (child_process.js:1015:16)
10 verbose stack     at Process.ChildProcess._handle.onexit (child_process.js:1087:5)
11 verbose pkgid starting_over@0.0.0
12 verbose cwd /Users/allannielsen/WebstormProjects/starting_over
13 error Darwin 14.5.0
14 error argv "node" "/usr/local/bin/npm" "start"
15 error node v0.12.7
16 error npm  v2.14.2
17 error code ELIFECYCLE
18 error starting_over@0.0.0 start: `node ./bin/www`
18 error Exit status 1
19 error Failed at the starting_over@0.0.0 start script 'node ./bin/www'.
19 error This is most likely a problem with the starting_over package,
19 error not with npm itself.
19 error Tell the author that this fails on your system:
19 error     node ./bin/www
19 error You can get their info via:
19 error     npm owner ls starting_over
19 error There is likely additional logging output above.
20 verbose exit [ 1, true ]
